  Powell.cpp
c:\users\etri-h.s.yun\desktop\-cgip-newbie-ip-project-master\-cgip-newbie-ip-project-master\ip_project\ip_project\powell.cpp(135): warning C4267: '=': 'size_t'에서 '_Ty'(으)로 변환하면서 데이터가 손실될 수 있습니다.
          with
          [
              _Ty=short
          ]
c:\users\etri-h.s.yun\desktop\-cgip-newbie-ip-project-master\-cgip-newbie-ip-project-master\ip_project\ip_project\powell.cpp(211): warning C4267: '=': 'size_t'에서 '_Ty'(으)로 변환하면서 데이터가 손실될 수 있습니다.
          with
          [
              _Ty=short
          ]
c:\users\etri-h.s.yun\desktop\-cgip-newbie-ip-project-master\-cgip-newbie-ip-project-master\ip_project\ip_project\powell.cpp(283): warning C4267: '=': 'size_t'에서 '_Ty'(으)로 변환하면서 데이터가 손실될 수 있습니다.
          with
          [
              _Ty=short
          ]
c:\users\etri-h.s.yun\desktop\-cgip-newbie-ip-project-master\-cgip-newbie-ip-project-master\ip_project\ip_project\powell.cpp(365): warning C4267: '=': 'size_t'에서 '_Ty'(으)로 변환하면서 데이터가 손실될 수 있습니다.
          with
          [
              _Ty=short
          ]
c:\users\etri-h.s.yun\desktop\-cgip-newbie-ip-project-master\-cgip-newbie-ip-project-master\ip_project\ip_project\powell.cpp(438): warning C4267: '=': 'size_t'에서 '_Ty'(으)로 변환하면서 데이터가 손실될 수 있습니다.
          with
          [
              _Ty=short
          ]
c:\users\etri-h.s.yun\desktop\-cgip-newbie-ip-project-master\-cgip-newbie-ip-project-master\ip_project\ip_project\powell.cpp(509): warning C4267: '=': 'size_t'에서 '_Ty'(으)로 변환하면서 데이터가 손실될 수 있습니다.
          with
          [
              _Ty=short
          ]
c:\users\etri-h.s.yun\desktop\-cgip-newbie-ip-project-master\-cgip-newbie-ip-project-master\ip_project\ip_project\powell.cpp(560): warning C4267: '=': 'size_t'에서 'int'(으)로 변환하면서 데이터가 손실될 수 있습니다.
c:\users\etri-h.s.yun\desktop\-cgip-newbie-ip-project-master\-cgip-newbie-ip-project-master\ip_project\ip_project\powell.cpp(579): warning C4244: '=': 'double'에서 'int'(으)로 변환하면서 데이터가 손실될 수 있습니다.
c:\users\etri-h.s.yun\desktop\-cgip-newbie-ip-project-master\-cgip-newbie-ip-project-master\ip_project\ip_project\powell.cpp(643): warning C4267: '=': 'size_t'에서 'int'(으)로 변환하면서 데이터가 손실될 수 있습니다.
  IP_project.vcxproj -> C:\Users\ETRI-H.S.Yun\Desktop\-CGIP-Newbie-IP-project-master\-CGIP-Newbie-IP-project-master\IP_project\x64\Debug\IP_project.exe
